<?xml version="1.0" encoding="UTF-8"?>
<testsuite xmlns:xsi="http://www.w3.org/2001/XMLSchema-instance" xsi:noNamespaceSchemaLocation="https://maven.apache.org/surefire/maven-surefire-plugin/xsd/surefire-test-report-3.0.xsd" version="3.0" name="com.proje.HavaKalitesiTesti" time="2.61" tests="2" errors="0" skipped="0" failures="0">
  <properties>
[...]
</properties>
  <testcase name="postHavaRaporu_Senaryosu" classname="com.proje.HavaKalitesiTesti" time="1.858">
    <system-out><![CDATA[--- Test Hazirligi: BaseURI ve RequestSpecBuilder ayarlandi! ---
HTTP/1.1 201 Created
Date: Fri, 02 Jan 2026 12:35:09 GMT
Content-Type: application/json; charset=utf-8
Content-Length: 55
Connection: keep-alive
access-control-allow-credentials: true
access-control-expose-headers: Location
Cache-Control: no-cache
etag: W/"37-epZIRHMMSnaA/p/GjqR8nlf7TJY"
expires: -1
location: https://jsonplaceholder.typicode.com/posts/101
nel: {"report_to":"heroku-nel","response_headers":["Via"],"max_age":3600,"success_fraction":0.01,"failure_fraction":0.1}
pragma: no-cache
report-to: {"group":"heroku-nel","endpoints":[{"url":"https://nel.heroku.com/reports?s=4Skgxcq7qR3op5vOWrlxt7wgpwDLUL%2BHNwPtR%2F8gaTc%3D\u0026sid=e11707d5-02a7-43ef-b45e-2cf4d2036f7d\u0026ts=1767357309"}],"max_age":3600}
reporting-endpoints: heroku-nel="https://nel.heroku.com/reports?s=4Skgxcq7qR3op5vOWrlxt7wgpwDLUL%2BHNwPtR%2F8gaTc%3D&sid=e11707d5-02a7-43ef-b45e-2cf4d2036f7d&ts=1767357309"
Server: cloudflare
vary: Origin, X-HTTP-Method-Override, Accept-Encoding
via: 2.0 heroku-router
x-content-type-options: nosniff
x-powered-by: Express
x-ratelimit-limit: 1000
x-ratelimit-remaining: 999
x-ratelimit-reset: 1767357337
cf-cache-status: DYNAMIC
CF-RAY: 9b7a4b6dbf4aea49-FCO
alt-svc: h3=":443"; ma=86400

{
    "city": "Istanbul",
    "aqi_level": 2,
    "id": 101
}
]]></system-out>
  </testcase>
  <testcase name="getHavaKalitesi_KontrolleriYap" classname="com.proje.HavaKalitesiTesti" time="0.263">
    <system-out><![CDATA[{
    "cod": 401,
    "message": "Invalid API key. Please see https://openweathermap.org/faq#error401 for more info."
}
Test Başarılı: Beklenen 'Yetkisiz Erişim' hatası alındı (API Anahtarı aktivasyon sürecinde).
]]></system-out>
  </testcase>
</testsuite>